<?xml version="1.0" encoding="UTF-8"?>
<!-- Generated by org.testng.reporters.JUnitReportReporter -->
<testsuite hostname="DESKTOP-J6SGL79" failures="0" tests="3" name="Runner.Runnerfile" time="42.258" errors="0" timestamp="2026-02-23T15:09:25 IST" skipped="0">
  <testcase classname="Runner.Runnerfile" name="runScenario" time="13.642"/>
  <system-out/>
  <testcase classname="Runner.Runnerfile" name="runScenario" time="15.677"/>
  <system-out/>
  <testcase classname="Runner.Runnerfile" name="runScenario" time="12.939"/>
  <system-out/>
</testsuite> <!-- Runner.Runnerfile -->
